{
  "sprint": "Sprint 6",
  "total_models": 10,
  "models": [
    {
      "model_name": "circle",
      "gms_file": "circle.gms",
      "parse_status": "FAILED",
      "parse_error": "Assignments must use numeric constants; got Call(uniform, (Const(1.0), Const(10.0))) in assignment [context: expression]",
      "parse_error_type": "ParserSemanticError"
    },
    {
      "model_name": "himmel16",
      "gms_file": "himmel16.gms",
      "parse_status": "FAILED",
      "parse_error": "No terminal matches '+' in the current parser context, at line 46 col 39\n\nareadef(i).. area(i) =e= 0.5*(x(i)*y(i++1) - y(i)*x(i++1));\n                                      ^\nExpected one of: \n\t* RPAR\n\t* COMMA\n",
      "parse_error_type": "UnexpectedCharacters"
    },
    {
      "model_name": "hs62",
      "gms_file": "hs62.gms",
      "parse_status": "FAILED",
      "parse_error": "No terminal matches 'm' in the current parser context, at line 35 col 4\n\n   mx / objdef, eq1x /;\n   ^\nExpected one of: \n\t* SEMI\n",
      "parse_error_type": "UnexpectedCharacters"
    },
    {
      "model_name": "mathopt1",
      "gms_file": "mathopt1.gms",
      "parse_status": "FAILED",
      "parse_error": "Indexed assignments are not supported yet [context: expression] (line 45, column 1)",
      "parse_error_type": "ParserSemanticError"
    },
    {
      "model_name": "maxmin",
      "gms_file": "maxmin.gms",
      "parse_status": "FAILED",
      "parse_error": "No terminal matches '(' in the current parser context, at line 51 col 12\n\ndefdist(low(n,nn))..   dist(low) =e= sqrt(sum(d, sq\n           ^\nExpected one of: \n\t* RPAR\n\t* COMMA\n",
      "parse_error_type": "UnexpectedCharacters"
    },
    {
      "model_name": "mhw4d",
      "gms_file": "mhw4d.gms",
      "parse_status": "SUCCESS",
      "parse_error": null,
      "parse_error_type": null
    },
    {
      "model_name": "mhw4dx",
      "gms_file": "mhw4dx.gms",
      "parse_status": "FAILED",
      "parse_error": "No terminal matches 'l' in the current parser context, at line 37 col 8\n\noption limCol = 0, limRow = 0;\n       ^\nExpected one of: \n\t* DOT\n\t* __ANON_0\n\t* ASSIGN\n\t* LPAR\n\t* DOLLAR\n",
      "parse_error_type": "UnexpectedCharacters"
    },
    {
      "model_name": "mingamma",
      "gms_file": "mingamma.gms",
      "parse_status": "FAILED",
      "parse_error": "No terminal matches 'm' in the current parser context, at line 26 col 4\n\n   m2 / y2def /;\n   ^\nExpected one of: \n\t* SEMI\n",
      "parse_error_type": "UnexpectedCharacters"
    },
    {
      "model_name": "rbrock",
      "gms_file": "rbrock.gms",
      "parse_status": "SUCCESS",
      "parse_error": null,
      "parse_error_type": null
    },
    {
      "model_name": "trig",
      "gms_file": "trig.gms",
      "parse_status": "FAILED",
      "parse_error": "Unsupported expression type: bound_scalar. This may be a parser bug or unsupported GAMS syntax. Supported: variables, parameters, numbers, operators (+, -, *, /, ^), functions (sqrt, exp, log, etc.), sum(). [context: assignment] (line 32, column 23)",
      "parse_error_type": "ParserSemanticError"
    }
  ],
  "kpis": {
    "total_models": 10,
    "parse_success": 2,
    "parse_failed": 8,
    "parse_rate_percent": 20.0,
    "convert_success": 0,
    "convert_failed": 0,
    "convert_rate_percent": 0.0,
    "solve_success": 0,
    "solve_failed": 0,
    "solve_rate_percent": 0.0,
    "sprint6_target_models": 10,
    "sprint6_target_parse_rate": 10.0,
    "sprint6_target_convert_rate": 50.0,
    "meets_sprint6_targets": true
  }
}